<?xml version="1.0" encoding="UTF-8"?>
<testng-results ignored="0" total="1" passed="1" failed="0" skipped="0">
  <reporter-output>
    <line>
      <![CDATA[Open the browser: chrome]]>
    </line>
    <line>
      <![CDATA[enter the url: http://google.com]]>
    </line>
    <line>
      <![CDATA[Maximize the browser]]>
    </line>
    <line>
      <![CDATA[Google]]>
    </line>
    <line>
      <![CDATA[Bhanu]]>
    </line>
    <line>
      <![CDATA[Close the browser]]>
    </line>
  </reporter-output>
  <suite started-at="2023-02-19T23:05:16 IST" name="Suite" finished-at="2023-02-19T23:05:29 IST" duration-ms="12958">
    <groups>
    </groups>
    <test started-at="2023-02-19T23:05:16 IST" name="Test" finished-at="2023-02-19T23:05:29 IST" duration-ms="12958">
      <class name="scripts.TestCase1">
        <test-method is-config="true" signature="openApp(java.lang.String,java.lang.String,java.lang.String)[pri:0, instance:scripts.TestCase1@771a660]" started-at="2023-02-19T23:05:16 IST" name="openApp" finished-at="2023-02-19T23:05:27 IST" duration-ms="11094" status="PASS">
          <params>
            <param index="0">
              <value>
                <![CDATA[chrome]]>
              </value>
            </param>
            <param index="1">
              <value>
                <![CDATA[http://google.com]]>
              </value>
            </param>
            <param index="2">
              <value>
                <![CDATA[10]]>
              </value>
            </param>
          </params>
          <reporter-output>
            <line>
              <![CDATA[Open the browser: chrome]]>
            </line>
            <line>
              <![CDATA[enter the url: http://google.com]]>
            </line>
            <line>
              <![CDATA[Maximize the browser]]>
            </line>
          </reporter-output>
        </test-method> <!-- openApp -->
        <test-method signature="testA()[pri:0, instance:scripts.TestCase1@771a660]" started-at="2023-02-19T23:05:27 IST" name="testA" finished-at="2023-02-19T23:05:29 IST" duration-ms="1410" status="PASS">
          <reporter-output>
            <line>
              <![CDATA[Google]]>
            </line>
            <line>
              <![CDATA[Bhanu]]>
            </line>
          </reporter-output>
        </test-method> <!-- testA -->
        <test-method is-config="true" signature="closeApp()[pri:0, instance:scripts.TestCase1@771a660]" started-at="2023-02-19T23:05:29 IST" name="closeApp" finished-at="2023-02-19T23:05:29 IST" duration-ms="376" status="PASS">
          <reporter-output>
            <line>
              <![CDATA[Close the browser]]>
            </line>
          </reporter-output>
        </test-method> <!-- closeApp -->
      </class> <!-- scripts.TestCase1 -->
    </test> <!-- Test -->
  </suite> <!-- Suite -->
</testng-results>
